#
# There is insufficient memory for the Java Runtime Environment to continue.
# Native memory allocation (malloc) failed to allocate 715849728 bytes for committing reserved memory.
# Possible reasons:
#   The system is out of physical RAM or swap space
#   In 32 bit mode, the process size limit was hit
# Possible solutions:
#   Reduce memory load on the system
#   Increase physical memory or swap space
#   Check if swap backing store is full
#   Use 64 bit Java on a 64 bit OS
#   Decrease Java heap size (-Xmx/-Xms)
#   Decrease number of Java threads
#   Decrease Java thread stack sizes (-Xss)
#   Set larger code cache with -XX:ReservedCodeCacheSize=
# This output file may be truncated or incomplete.
#
#  Out of Memory Error (os_linux.cpp:2827), pid=5375, tid=140123163014912
#
# JRE version:  (7.0_95) (build )
# Java VM: OpenJDK 64-Bit Server VM (24.95-b01 mixed mode linux-amd64 compressed oops)
# Derivative: IcedTea 2.6.4
# Distribution: Ubuntu 14.04 LTS, package 7u95-2.6.4-0ubuntu0.14.04.2
# Failed to write core dump. Core dumps have been disabled. To enable core dumping, try "ulimit -c unlimited" before starting Java again
#

---------------  T H R E A D  ---------------

Current thread (0x00007f70f000a000):  JavaThread "Unknown thread" [_thread_in_vm, id=5395, stack(0x00007f70f74b3000,0x00007f70f75b4000)]

Stack: [0x00007f70f74b3000,0x00007f70f75b4000],  sp=0x00007f70f75b2380,  free space=1020k
Native frames: (J=compiled Java code, j=interpreted, Vv=VM code, C=native code)
V  [libjvm.so+0x953e15]
V  [libjvm.so+0x48fd94]
V  [libjvm.so+0x7cf87b]
V  [libjvm.so+0x7ca33f]
V  [libjvm.so+0x950d04]
V  [libjvm.so+0x567efb]
V  [libjvm.so+0x8ff7a3]
V  [libjvm.so+0x568a09]
V  [libjvm.so+0x55ac62]
V  [libjvm.so+0x9247b7]
V  [libjvm.so+0x924ae7]
V  [libjvm.so+0x5a2dd5]
V  [libjvm.so+0x90a4cf]
V  [libjvm.so+0x60e834]  JNI_CreateJavaVM+0x54
C  [libjli.so+0x2b48]


---------------  P R O C E S S  ---------------

Java Threads: ( => current thread )

Other Threads:

=>0x00007f70f000a000 (exited) JavaThread "Unknown thread" [_thread_in_vm, id=5395, stack(0x00007f70f74b3000,0x00007f70f75b4000)]

VM state:not at safepoint (not fully initialized)

VM Mutex/Monitor currently owned by a thread: None

GC Heap History (0 events):
No events

Deoptimization events (0 events):
No events

Internal exceptions (0 events):
No events

Events (0 events):
No events


Dynamic libraries:
00400000-00401000 r-xp 00000000 08:01 423330                             /usr/lib/jvm/java-7-openjdk-amd64/jre/bin/java
00600000-00601000 r--p 00000000 08:01 423330                             /usr/lib/jvm/java-7-openjdk-amd64/jre/bin/java
00601000-00602000 rw-p 00001000 08:01 423330                             /usr/lib/jvm/java-7-openjdk-amd64/jre/bin/java
01e4f000-01e70000 rw-p 00000000 00:00 0                                  [heap]
b0000000-c5550000 rw-p 00000000 00:00 0 
f0000000-100000000 rw-p 00000000 00:00 0 
7f70ecd7f000-7f70ece2a000 rw-p 00000000 00:00 0 
7f70ece2a000-7f70ecfff000 rw-p 00000000 00:00 0 
7f70ecfff000-7f70ed000000 rw-p 00000000 00:00 0 
7f70ed000000-7f70ed270000 rwxp 00000000 00:00 0 
7f70ed270000-7f70f0024000 rw-p 00000000 00:00 0 
7f70f0024000-7f70f4000000 ---p 00000000 00:00 0 
7f70f40e5000-7f70f40ed000 r-xp 00000000 08:01 423361                     /usr/lib/jvm/java-7-openjdk-amd64/jre/lib/amd64/libzip.so
7f70f40ed000-7f70f42ec000 ---p 00008000 08:01 423361                     /usr/lib/jvm/java-7-openjdk-amd64/jre/lib/amd64/libzip.so
7f70f42ec000-7f70f42ed000 r--p 00007000 08:01 423361                     /usr/lib/jvm/java-7-openjdk-amd64/jre/lib/amd64/libzip.so
7f70f42ed000-7f70f42ee000 rw-p 00008000 08:01 423361                     /usr/lib/jvm/java-7-openjdk-amd64/jre/lib/amd64/libzip.so
7f70f42ee000-7f70f42f9000 r-xp 00000000 08:01 267007                     /lib/x86_64-linux-gnu/libnss_files-2.19.so
7f70f42f9000-7f70f44f8000 ---p 0000b000 08:01 267007                     /lib/x86_64-linux-gnu/libnss_files-2.19.so
7f70f44f8000-7f70f44f9000 r--p 0000a000 08:01 267007                     /lib/x86_64-linux-gnu/libnss_files-2.19.so
7f70f44f9000-7f70f44fa000 rw-p 0000b000 08:01 267007                     /lib/x86_64-linux-gnu/libnss_files-2.19.so
7f70f44fa000-7f70f4505000 r-xp 00000000 08:01 267017                     /lib/x86_64-linux-gnu/libnss_nis-2.19.so
7f70f4505000-7f70f4704000 ---p 0000b000 08:01 267017                     /lib/x86_64-linux-gnu/libnss_nis-2.19.so
7f70f4704000-7f70f4705000 r--p 0000a000 08:01 267017                     /lib/x86_64-linux-gnu/libnss_nis-2.19.so
7f70f4705000-7f70f4706000 rw-p 0000b000 08:01 267017                     /lib/x86_64-linux-gnu/libnss_nis-2.19.so
7f70f4706000-7f70f471d000 r-xp 00000000 08:01 267001                     /lib/x86_64-linux-gnu/libnsl-2.19.so
7f70f471d000-7f70f491c000 ---p 00017000 08:01 267001                     /lib/x86_64-linux-gnu/libnsl-2.19.so
7f70f491c000-7f70f491d000 r--p 00016000 08:01 267001                     /lib/x86_64-linux-gnu/libnsl-2.19.so
7f70f491d000-7f70f491e000 rw-p 00017000 08:01 267001                     /lib/x86_64-linux-gnu/libnsl-2.19.so
7f70f491e000-7f70f4920000 rw-p 00000000 00:00 0 
7f70f4920000-7f70f4929000 r-xp 00000000 08:01 267003                     /lib/x86_64-linux-gnu/libnss_compat-2.19.so
7f70f4929000-7f70f4b28000 ---p 00009000 08:01 267003                     /lib/x86_64-linux-gnu/libnss_compat-2.19.so
7f70f4b28000-7f70f4b29000 r--p 00008000 08:01 267003                     /lib/x86_64-linux-gnu/libnss_compat-2.19.so
7f70f4b29000-7f70f4b2a000 rw-p 00009000 08:01 267003                     /lib/x86_64-linux-gnu/libnss_compat-2.19.so
7f70f4b2a000-7f70f4b55000 r-xp 00000000 08:01 423346                     /usr/lib/jvm/java-7-openjdk-amd64/jre/lib/amd64/libjava.so
7f70f4b55000-7f70f4d55000 ---p 0002b000 08:01 423346                     /usr/lib/jvm/java-7-openjdk-amd64/jre/lib/amd64/libjava.so
7f70f4d55000-7f70f4d56000 r--p 0002b000 08:01 423346                     /usr/lib/jvm/java-7-openjdk-amd64/jre/lib/amd64/libjava.so
7f70f4d56000-7f70f4d58000 rw-p 0002c000 08:01 423346                     /usr/lib/jvm/java-7-openjdk-amd64/jre/lib/amd64/libjava.so
7f70f4d58000-7f70f4d68000 r-xp 00000000 08:01 423347                     /usr/lib/jvm/java-7-openjdk-amd64/jre/lib/amd64/libverify.so
7f70f4d68000-7f70f4f67000 ---p 00010000 08:01 423347                     /usr/lib/jvm/java-7-openjdk-amd64/jre/lib/amd64/libverify.so
7f70f4f67000-7f70f4f69000 r--p 0000f000 08:01 423347                     /usr/lib/jvm/java-7-openjdk-amd64/jre/lib/amd64/libverify.so
7f70f4f69000-7f70f4f6a000 rw-p 00011000 08:01 423347                     /usr/lib/jvm/java-7-openjdk-amd64/jre/lib/amd64/libverify.so
7f70f4f6a000-7f70f4f71000 r-xp 00000000 08:01 267060                     /lib/x86_64-linux-gnu/librt-2.19.so
7f70f4f71000-7f70f5170000 ---p 00007000 08:01 267060                     /lib/x86_64-linux-gnu/librt-2.19.so
7f70f5170000-7f70f5171000 r--p 00006000 08:01 267060                     /lib/x86_64-linux-gnu/librt-2.19.so
7f70f5171000-7f70f5172000 rw-p 00007000 08:01 267060                     /lib/x86_64-linux-gnu/librt-2.19.so
7f70f5172000-7f70f5188000 r-xp 00000000 08:01 266959                     /lib/x86_64-linux-gnu/libgcc_s.so.1
7f70f5188000-7f70f5387000 ---p 00016000 08:01 266959                     /lib/x86_64-linux-gnu/libgcc_s.so.1
7f70f5387000-7f70f5388000 rw-p 00015000 08:01 266959                     /lib/x86_64-linux-gnu/libgcc_s.so.1
7f70f5388000-7f70f548d000 r-xp 00000000 08:01 266982                     /lib/x86_64-linux-gnu/libm-2.19.so
7f70f548d000-7f70f568c000 ---p 00105000 08:01 266982                     /lib/x86_64-linux-gnu/libm-2.19.so
7f70f568c000-7f70f568d000 r--p 00104000 08:01 266982                     /lib/x86_64-linux-gnu/libm-2.19.so
7f70f568d000-7f70f568e000 rw-p 00105000 08:01 266982                     /lib/x86_64-linux-gnu/libm-2.19.so
7f70f568e000-7f70f5774000 r-xp 00000000 08:01 401926                     /usr/lib/x86_64-linux-gnu/libstdc++.so.6.0.19
7f70f5774000-7f70f5973000 ---p 000e6000 08:01 401926                     /usr/lib/x86_64-linux-gnu/libstdc++.so.6.0.19
7f70f5973000-7f70f597b000 r--p 000e5000 08:01 401926                     /usr/lib/x86_64-linux-gnu/libstdc++.so.6.0.19
7f70f597b000-7f70f597d000 rw-p 000ed000 08:01 401926                     /usr/lib/x86_64-linux-gnu/libstdc++.so.6.0.19
7f70f597d000-7f70f5992000 rw-p 00000000 00:00 0 
7f70f5992000-7f70f64b6000 r-xp 00000000 08:01 423359                     /usr/lib/jvm/java-7-openjdk-amd64/jre/lib/amd64/server/libjvm.so
7f70f64b6000-7f70f66b6000 ---p 00b24000 08:01 423359                     /usr/lib/jvm/java-7-openjdk-amd64/jre/lib/amd64/server/libjvm.so
7f70f66b6000-7f70f6750000 r--p 00b24000 08:01 423359                     /usr/lib/jvm/java-7-openjdk-amd64/jre/lib/amd64/server/libjvm.so
7f70f6750000-7f70f6773000 rw-p 00bbe000 08:01 423359                     /usr/lib/jvm/java-7-openjdk-amd64/jre/lib/amd64/server/libjvm.so
7f70f6773000-7f70f67a1000 rw-p 00000000 00:00 0 
7f70f67a1000-7f70f67b9000 r-xp 00000000 08:01 267095                     /lib/x86_64-linux-gnu/libz.so.1.2.8
7f70f67b9000-7f70f69b8000 ---p 00018000 08:01 267095                     /lib/x86_64-linux-gnu/libz.so.1.2.8
7f70f69b8000-7f70f69b9000 r--p 00017000 08:01 267095                     /lib/x86_64-linux-gnu/libz.so.1.2.8
7f70f69b9000-7f70f69ba000 rw-p 00018000 08:01 267095                     /lib/x86_64-linux-gnu/libz.so.1.2.8
7f70f69ba000-7f70f69d3000 r-xp 00000000 08:01 267052                     /lib/x86_64-linux-gnu/libpthread-2.19.so
7f70f69d3000-7f70f6bd2000 ---p 00019000 08:01 267052                     /lib/x86_64-linux-gnu/libpthread-2.19.so
7f70f6bd2000-7f70f6bd3000 r--p 00018000 08:01 267052                     /lib/x86_64-linux-gnu/libpthread-2.19.so
7f70f6bd3000-7f70f6bd4000 rw-p 00019000 08:01 267052                     /lib/x86_64-linux-gnu/libpthread-2.19.so
7f70f6bd4000-7f70f6bd8000 rw-p 00000000 00:00 0 
7f70f6bd8000-7f70f6bdb000 r-xp 00000000 08:01 266949                     /lib/x86_64-linux-gnu/libdl-2.19.so
7f70f6bdb000-7f70f6dda000 ---p 00003000 08:01 266949                     /lib/x86_64-linux-gnu/libdl-2.19.so
7f70f6dda000-7f70f6ddb000 r--p 00002000 08:01 266949                     /lib/x86_64-linux-gnu/libdl-2.19.so
7f70f6ddb000-7f70f6ddc000 rw-p 00003000 08:01 266949                     /lib/x86_64-linux-gnu/libdl-2.19.so
7f70f6ddc000-7f70f6f97000 r-xp 00000000 08:01 266932                     /lib/x86_64-linux-gnu/libc-2.19.so
7f70f6f97000-7f70f7196000 ---p 001bb000 08:01 266932                     /lib/x86_64-linux-gnu/libc-2.19.so
7f70f7196000-7f70f719a000 r--p 001ba000 08:01 266932                     /lib/x86_64-linux-gnu/libc-2.19.so
7f70f719a000-7f70f719c000 rw-p 001be000 08:01 266932                     /lib/x86_64-linux-gnu/libc-2.19.so
7f70f719c000-7f70f71a1000 rw-p 00000000 00:00 0 
7f70f71a1000-7f70f71ae000 r-xp 00000000 08:01 423376                     /usr/lib/jvm/java-7-openjdk-amd64/jre/lib/amd64/jli/libjli.so
7f70f71ae000-7f70f73ad000 ---p 0000d000 08:01 423376                     /usr/lib/jvm/java-7-openjdk-amd64/jre/lib/amd64/jli/libjli.so
7f70f73ad000-7f70f73ae000 r--p 0000c000 08:01 423376                     /usr/lib/jvm/java-7-openjdk-amd64/jre/lib/amd64/jli/libjli.so
7f70f73ae000-7f70f73af000 rw-p 0000d000 08:01 423376                     /usr/lib/jvm/java-7-openjdk-amd64/jre/lib/amd64/jli/libjli.so
7f70f73af000-7f70f73d2000 r-xp 00000000 08:01 266908                     /lib/x86_64-linux-gnu/ld-2.19.so
7f70f73f3000-7f70f73fd000 rw-p 00000000 00:00 0 
7f70f73fd000-7f70f74b3000 rw-p 00000000 00:00 0 
7f70f74b3000-7f70f74b6000 ---p 00000000 00:00 0 
7f70f74b6000-7f70f75b9000 rw-p 00000000 00:00 0                          [stack:5395]
7f70f75c3000-7f70f75c5000 rw-p 00000000 00:00 0 
7f70f75c5000-7f70f75cd000 rw-s 00000000 08:01 39404                      /tmp/hsperfdata_shire/5375
7f70f75cd000-7f70f75ce000 rw-p 00000000 00:00 0 
7f70f75ce000-7f70f75cf000 r--p 00000000 00:00 0 
7f70f75cf000-7f70f75d1000 rw-p 00000000 00:00 0 
7f70f75d1000-7f70f75d2000 r--p 00022000 08:01 266908                     /lib/x86_64-linux-gnu/ld-2.19.so
7f70f75d2000-7f70f75d3000 rw-p 00023000 08:01 266908                     /lib/x86_64-linux-gnu/ld-2.19.so
7f70f75d3000-7f70f75d4000 rw-p 00000000 00:00 0 
7ffea818a000-7ffea81ac000 rw-p 00000000 00:00 0                          [stack]
7ffea81d8000-7ffea81da000 r--p 00000000 00:00 0                          [vvar]
7ffea81da000-7ffea81dc000 r-xp 00000000 00:00 0                          [vdso]
ffffffffff600000-ffffffffff601000 r-xp 00000000 00:00 0                  [vsyscall]

VM Arguments:
jvm_args: -Xms1g -Xmx1g -XX:MaxPermSize=256m 
java_command: org.apache.spark.deploy.SparkSubmit --master local[2] --name PySparkShell pyspark-shell
Launcher Type: SUN_STANDARD

Environment Variables:
PATH=/home/shire/anaconda2/bin:/home/shire/anaconda2/bin:/usr/local/sbin:/usr/local/bin:/usr/sbin:/usr/bin:/sbin:/bin:/usr/games:/usr/local/games
SHELL=/bin/bash
DISPLAY=:0.0

Signal Handlers:
SIGSEGV: [libjvm.so+0x9548f0], sa_mask[0]=0x7ffbfeff, sa_flags=0x10000004
SIGBUS: [libjvm.so+0x9548f0], sa_mask[0]=0x7ffbfeff, sa_flags=0x10000004
SIGFPE: [libjvm.so+0x7cb0b0], sa_mask[0]=0x7ffbfeff, sa_flags=0x10000004
SIGPIPE: [libjvm.so+0x7cb0b0], sa_mask[0]=0x7ffbfeff, sa_flags=0x10000004
SIGXFSZ: [libjvm.so+0x7cb0b0], sa_mask[0]=0x7ffbfeff, sa_flags=0x10000004
SIGILL: [libjvm.so+0x7cb0b0], sa_mask[0]=0x7ffbfeff, sa_flags=0x10000004
SIGUSR1: SIG_DFL, sa_mask[0]=0x00000000, sa_flags=0x00000000
SIGUSR2: [libjvm.so+0x7caf50], sa_mask[0]=0x00000000, sa_flags=0x10000004
SIGHUP: SIG_DFL, sa_mask[0]=0x00000000, sa_flags=0x00000000
SIGINT: SIG_IGN, sa_mask[0]=0x00000000, sa_flags=0x00000000
SIGTERM: SIG_DFL, sa_mask[0]=0x00000000, sa_flags=0x00000000
SIGQUIT: SIG_DFL, sa_mask[0]=0x00000000, sa_flags=0x00000000
SIGTRAP: SIG_DFL, sa_mask[0]=0x00000000, sa_flags=0x00000000


---------------  S Y S T E M  ---------------

OS:Ubuntu 14.04 (trusty)
uname:Linux 4.2.0-35-generic #40~14.04.1-Ubuntu SMP Fri Mar 18 16:37:35 UTC 2016 x86_64
libc:glibc 2.19 NPTL 2.19 
rlimit: STACK 8192k, CORE 0k, NPROC 6596, NOFILE 4096, AS infinity
load average:0.85 1.18 0.81

/proc/meminfo:
MemTotal:        1710100 kB
MemFree:           24560 kB
MemAvailable:     168604 kB
Buffers:            6396 kB
Cached:           143812 kB
SwapCached:        16340 kB
Active:          1144516 kB
Inactive:         432204 kB
Active(anon):    1072496 kB
Inactive(anon):   361864 kB
Active(file):      72020 kB
Inactive(file):    70340 kB
Unevictable:          16 kB
Mlocked:              16 kB
SwapTotal:       1752060 kB
SwapFree:         435692 kB
Dirty:                88 kB
Writeback:             0 kB
AnonPages:       1410236 kB
Mapped:           102600 kB
Shmem:              7832 kB
Slab:              43624 kB
SReclaimable:      20860 kB
SUnreclaim:        22764 kB
KernelStack:       10416 kB
PageTables:        37756 kB
NFS_Unstable:          0 kB
Bounce:                0 kB
WritebackTmp:          0 kB
CommitLimit:     2607108 kB
Committed_AS:    9519424 kB
VmallocTotal:   34359738367 kB
VmallocUsed:       29376 kB
VmallocChunk:   34359688124 kB
HardwareCorrupted:     0 kB
AnonHugePages:    370688 kB
CmaTotal:              0 kB
CmaFree:               0 kB
HugePages_Total:       0
HugePages_Free:        0
HugePages_Rsvd:        0
HugePages_Surp:        0
Hugepagesize:       2048 kB
DirectMap4k:       72640 kB
DirectMap2M:     1681408 kB


CPU:total 1 (1 cores per cpu, 1 threads per core) family 6 model 78 stepping 3, cmov, cx8, fxsr, mmx, sse, sse2, sse3, ssse3, sse4.1, sse4.2, popcnt, avx, aes, tsc, tscinvbit

/proc/cpuinfo:
processor	: 0
vendor_id	: GenuineIntel
cpu family	: 6
model		: 78
model name	: Intel(R) Core(TM) i7-6500U CPU @ 2.50GHz
stepping	: 3
cpu MHz		: 2592.006
cache size	: 4096 KB
physical id	: 0
siblings	: 1
core id		: 0
cpu cores	: 1
apicid		: 0
initial apicid	: 0
fpu		: yes
fpu_exception	: yes
cpuid level	: 22
wp		: yes
flags		: fpu vme de pse tsc msr pae mce cx8 apic sep mtrr pge mca cmov pat pse36 clflush mmx fxsr sse sse2 syscall nx rdtscp lm constant_tsc rep_good nopl xtopology nonstop_tsc pni pclmulqdq monitor ssse3 cx16 sse4_1 sse4_2 movbe popcnt aes xsave avx rdrand hypervisor lahf_lm abm 3dnowprefetch rdseed clflushopt
bugs		:
bogomips	: 5184.01
clflush size	: 64
cache_alignment	: 64
address sizes	: 39 bits physical, 48 bits virtual
power management:



Memory: 4k page, physical 1710100k(24560k free), swap 1752060k(435692k free)

vm_info: OpenJDK 64-Bit Server VM (24.95-b01) for linux-amd64 JRE (1.7.0_95-b00), built on Mar 24 2016 06:13:32 by "buildd" with gcc 4.8.2

time: Fri Apr 29 13:52:40 2016
elapsed time: 0 seconds

