#
# There is insufficient memory for the Java Runtime Environment to continue.
# Native memory allocation (malloc) failed to allocate 715849728 bytes for committing reserved memory.
# Possible reasons:
#   The system is out of physical RAM or swap space
#   In 32 bit mode, the process size limit was hit
# Possible solutions:
#   Reduce memory load on the system
#   Increase physical memory or swap space
#   Check if swap backing store is full
#   Use 64 bit Java on a 64 bit OS
#   Decrease Java heap size (-Xmx/-Xms)
#   Decrease number of Java threads
#   Decrease Java thread stack sizes (-Xss)
#   Set larger code cache with -XX:ReservedCodeCacheSize=
# This output file may be truncated or incomplete.
#
#  Out of Memory Error (os_linux.cpp:2827), pid=5443, tid=140344432477952
#
# JRE version:  (7.0_95) (build )
# Java VM: OpenJDK 64-Bit Server VM (24.95-b01 mixed mode linux-amd64 compressed oops)
# Derivative: IcedTea 2.6.4
# Distribution: Ubuntu 14.04 LTS, package 7u95-2.6.4-0ubuntu0.14.04.2
# Failed to write core dump. Core dumps have been disabled. To enable core dumping, try "ulimit -c unlimited" before starting Java again
#

---------------  T H R E A D  ---------------

Current thread (0x00007fa47400a000):  JavaThread "Unknown thread" [_thread_in_vm, id=5463, stack(0x00007fa47bfb4000,0x00007fa47c0b5000)]

Stack: [0x00007fa47bfb4000,0x00007fa47c0b5000],  sp=0x00007fa47c0b3380,  free space=1020k
Native frames: (J=compiled Java code, j=interpreted, Vv=VM code, C=native code)
V  [libjvm.so+0x953e15]
V  [libjvm.so+0x48fd94]
V  [libjvm.so+0x7cf87b]
V  [libjvm.so+0x7ca33f]
V  [libjvm.so+0x950d04]
V  [libjvm.so+0x567efb]
V  [libjvm.so+0x8ff7a3]
V  [libjvm.so+0x568a09]
V  [libjvm.so+0x55ac62]
V  [libjvm.so+0x9247b7]
V  [libjvm.so+0x924ae7]
V  [libjvm.so+0x5a2dd5]
V  [libjvm.so+0x90a4cf]
V  [libjvm.so+0x60e834]  JNI_CreateJavaVM+0x54
C  [libjli.so+0x2b48]


---------------  P R O C E S S  ---------------

Java Threads: ( => current thread )

Other Threads:

=>0x00007fa47400a000 (exited) JavaThread "Unknown thread" [_thread_in_vm, id=5463, stack(0x00007fa47bfb4000,0x00007fa47c0b5000)]

VM state:not at safepoint (not fully initialized)

VM Mutex/Monitor currently owned by a thread: None

GC Heap History (0 events):
No events

Deoptimization events (0 events):
No events

Internal exceptions (0 events):
No events

Events (0 events):
No events


Dynamic libraries:
00400000-00401000 r-xp 00000000 08:01 423330                             /usr/lib/jvm/java-7-openjdk-amd64/jre/bin/java
00600000-00601000 r--p 00000000 08:01 423330                             /usr/lib/jvm/java-7-openjdk-amd64/jre/bin/java
00601000-00602000 rw-p 00001000 08:01 423330                             /usr/lib/jvm/java-7-openjdk-amd64/jre/bin/java
016d3000-016f4000 rw-p 00000000 00:00 0                                  [heap]
b0000000-c5550000 rw-p 00000000 00:00 0 
f0000000-100000000 rw-p 00000000 00:00 0 
7fa471000000-7fa471270000 rwxp 00000000 00:00 0 
7fa471270000-7fa474024000 rw-p 00000000 00:00 0 
7fa474024000-7fa478000000 ---p 00000000 00:00 0 
7fa478965000-7fa478a10000 rw-p 00000000 00:00 0 
7fa478a10000-7fa478be5000 rw-p 00000000 00:00 0 
7fa478be5000-7fa478be6000 rw-p 00000000 00:00 0 
7fa478be6000-7fa478bee000 r-xp 00000000 08:01 423361                     /usr/lib/jvm/java-7-openjdk-amd64/jre/lib/amd64/libzip.so
7fa478bee000-7fa478ded000 ---p 00008000 08:01 423361                     /usr/lib/jvm/java-7-openjdk-amd64/jre/lib/amd64/libzip.so
7fa478ded000-7fa478dee000 r--p 00007000 08:01 423361                     /usr/lib/jvm/java-7-openjdk-amd64/jre/lib/amd64/libzip.so
7fa478dee000-7fa478def000 rw-p 00008000 08:01 423361                     /usr/lib/jvm/java-7-openjdk-amd64/jre/lib/amd64/libzip.so
7fa478def000-7fa478dfa000 r-xp 00000000 08:01 267007                     /lib/x86_64-linux-gnu/libnss_files-2.19.so
7fa478dfa000-7fa478ff9000 ---p 0000b000 08:01 267007                     /lib/x86_64-linux-gnu/libnss_files-2.19.so
7fa478ff9000-7fa478ffa000 r--p 0000a000 08:01 267007                     /lib/x86_64-linux-gnu/libnss_files-2.19.so
7fa478ffa000-7fa478ffb000 rw-p 0000b000 08:01 267007                     /lib/x86_64-linux-gnu/libnss_files-2.19.so
7fa478ffb000-7fa479006000 r-xp 00000000 08:01 267017                     /lib/x86_64-linux-gnu/libnss_nis-2.19.so
7fa479006000-7fa479205000 ---p 0000b000 08:01 267017                     /lib/x86_64-linux-gnu/libnss_nis-2.19.so
7fa479205000-7fa479206000 r--p 0000a000 08:01 267017                     /lib/x86_64-linux-gnu/libnss_nis-2.19.so
7fa479206000-7fa479207000 rw-p 0000b000 08:01 267017                     /lib/x86_64-linux-gnu/libnss_nis-2.19.so
7fa479207000-7fa47921e000 r-xp 00000000 08:01 267001                     /lib/x86_64-linux-gnu/libnsl-2.19.so
7fa47921e000-7fa47941d000 ---p 00017000 08:01 267001                     /lib/x86_64-linux-gnu/libnsl-2.19.so
7fa47941d000-7fa47941e000 r--p 00016000 08:01 267001                     /lib/x86_64-linux-gnu/libnsl-2.19.so
7fa47941e000-7fa47941f000 rw-p 00017000 08:01 267001                     /lib/x86_64-linux-gnu/libnsl-2.19.so
7fa47941f000-7fa479421000 rw-p 00000000 00:00 0 
7fa479421000-7fa47942a000 r-xp 00000000 08:01 267003                     /lib/x86_64-linux-gnu/libnss_compat-2.19.so
7fa47942a000-7fa479629000 ---p 00009000 08:01 267003                     /lib/x86_64-linux-gnu/libnss_compat-2.19.so
7fa479629000-7fa47962a000 r--p 00008000 08:01 267003                     /lib/x86_64-linux-gnu/libnss_compat-2.19.so
7fa47962a000-7fa47962b000 rw-p 00009000 08:01 267003                     /lib/x86_64-linux-gnu/libnss_compat-2.19.so
7fa47962b000-7fa479656000 r-xp 00000000 08:01 423346                     /usr/lib/jvm/java-7-openjdk-amd64/jre/lib/amd64/libjava.so
7fa479656000-7fa479856000 ---p 0002b000 08:01 423346                     /usr/lib/jvm/java-7-openjdk-amd64/jre/lib/amd64/libjava.so
7fa479856000-7fa479857000 r--p 0002b000 08:01 423346                     /usr/lib/jvm/java-7-openjdk-amd64/jre/lib/amd64/libjava.so
7fa479857000-7fa479859000 rw-p 0002c000 08:01 423346                     /usr/lib/jvm/java-7-openjdk-amd64/jre/lib/amd64/libjava.so
7fa479859000-7fa479869000 r-xp 00000000 08:01 423347                     /usr/lib/jvm/java-7-openjdk-amd64/jre/lib/amd64/libverify.so
7fa479869000-7fa479a68000 ---p 00010000 08:01 423347                     /usr/lib/jvm/java-7-openjdk-amd64/jre/lib/amd64/libverify.so
7fa479a68000-7fa479a6a000 r--p 0000f000 08:01 423347                     /usr/lib/jvm/java-7-openjdk-amd64/jre/lib/amd64/libverify.so
7fa479a6a000-7fa479a6b000 rw-p 00011000 08:01 423347                     /usr/lib/jvm/java-7-openjdk-amd64/jre/lib/amd64/libverify.so
7fa479a6b000-7fa479a72000 r-xp 00000000 08:01 267060                     /lib/x86_64-linux-gnu/librt-2.19.so
7fa479a72000-7fa479c71000 ---p 00007000 08:01 267060                     /lib/x86_64-linux-gnu/librt-2.19.so
7fa479c71000-7fa479c72000 r--p 00006000 08:01 267060                     /lib/x86_64-linux-gnu/librt-2.19.so
7fa479c72000-7fa479c73000 rw-p 00007000 08:01 267060                     /lib/x86_64-linux-gnu/librt-2.19.so
7fa479c73000-7fa479c89000 r-xp 00000000 08:01 266959                     /lib/x86_64-linux-gnu/libgcc_s.so.1
7fa479c89000-7fa479e88000 ---p 00016000 08:01 266959                     /lib/x86_64-linux-gnu/libgcc_s.so.1
7fa479e88000-7fa479e89000 rw-p 00015000 08:01 266959                     /lib/x86_64-linux-gnu/libgcc_s.so.1
7fa479e89000-7fa479f8e000 r-xp 00000000 08:01 266982                     /lib/x86_64-linux-gnu/libm-2.19.so
7fa479f8e000-7fa47a18d000 ---p 00105000 08:01 266982                     /lib/x86_64-linux-gnu/libm-2.19.so
7fa47a18d000-7fa47a18e000 r--p 00104000 08:01 266982                     /lib/x86_64-linux-gnu/libm-2.19.so
7fa47a18e000-7fa47a18f000 rw-p 00105000 08:01 266982                     /lib/x86_64-linux-gnu/libm-2.19.so
7fa47a18f000-7fa47a275000 r-xp 00000000 08:01 401926                     /usr/lib/x86_64-linux-gnu/libstdc++.so.6.0.19
7fa47a275000-7fa47a474000 ---p 000e6000 08:01 401926                     /usr/lib/x86_64-linux-gnu/libstdc++.so.6.0.19
7fa47a474000-7fa47a47c000 r--p 000e5000 08:01 401926                     /usr/lib/x86_64-linux-gnu/libstdc++.so.6.0.19
7fa47a47c000-7fa47a47e000 rw-p 000ed000 08:01 401926                     /usr/lib/x86_64-linux-gnu/libstdc++.so.6.0.19
7fa47a47e000-7fa47a493000 rw-p 00000000 00:00 0 
7fa47a493000-7fa47afb7000 r-xp 00000000 08:01 423359                     /usr/lib/jvm/java-7-openjdk-amd64/jre/lib/amd64/server/libjvm.so
7fa47afb7000-7fa47b1b7000 ---p 00b24000 08:01 423359                     /usr/lib/jvm/java-7-openjdk-amd64/jre/lib/amd64/server/libjvm.so
7fa47b1b7000-7fa47b251000 r--p 00b24000 08:01 423359                     /usr/lib/jvm/java-7-openjdk-amd64/jre/lib/amd64/server/libjvm.so
7fa47b251000-7fa47b274000 rw-p 00bbe000 08:01 423359                     /usr/lib/jvm/java-7-openjdk-amd64/jre/lib/amd64/server/libjvm.so
7fa47b274000-7fa47b2a2000 rw-p 00000000 00:00 0 
7fa47b2a2000-7fa47b2ba000 r-xp 00000000 08:01 267095                     /lib/x86_64-linux-gnu/libz.so.1.2.8
7fa47b2ba000-7fa47b4b9000 ---p 00018000 08:01 267095                     /lib/x86_64-linux-gnu/libz.so.1.2.8
7fa47b4b9000-7fa47b4ba000 r--p 00017000 08:01 267095                     /lib/x86_64-linux-gnu/libz.so.1.2.8
7fa47b4ba000-7fa47b4bb000 rw-p 00018000 08:01 267095                     /lib/x86_64-linux-gnu/libz.so.1.2.8
7fa47b4bb000-7fa47b4d4000 r-xp 00000000 08:01 267052                     /lib/x86_64-linux-gnu/libpthread-2.19.so
7fa47b4d4000-7fa47b6d3000 ---p 00019000 08:01 267052                     /lib/x86_64-linux-gnu/libpthread-2.19.so
7fa47b6d3000-7fa47b6d4000 r--p 00018000 08:01 267052                     /lib/x86_64-linux-gnu/libpthread-2.19.so
7fa47b6d4000-7fa47b6d5000 rw-p 00019000 08:01 267052                     /lib/x86_64-linux-gnu/libpthread-2.19.so
7fa47b6d5000-7fa47b6d9000 rw-p 00000000 00:00 0 
7fa47b6d9000-7fa47b6dc000 r-xp 00000000 08:01 266949                     /lib/x86_64-linux-gnu/libdl-2.19.so
7fa47b6dc000-7fa47b8db000 ---p 00003000 08:01 266949                     /lib/x86_64-linux-gnu/libdl-2.19.so
7fa47b8db000-7fa47b8dc000 r--p 00002000 08:01 266949                     /lib/x86_64-linux-gnu/libdl-2.19.so
7fa47b8dc000-7fa47b8dd000 rw-p 00003000 08:01 266949                     /lib/x86_64-linux-gnu/libdl-2.19.so
7fa47b8dd000-7fa47ba98000 r-xp 00000000 08:01 266932                     /lib/x86_64-linux-gnu/libc-2.19.so
7fa47ba98000-7fa47bc97000 ---p 001bb000 08:01 266932                     /lib/x86_64-linux-gnu/libc-2.19.so
7fa47bc97000-7fa47bc9b000 r--p 001ba000 08:01 266932                     /lib/x86_64-linux-gnu/libc-2.19.so
7fa47bc9b000-7fa47bc9d000 rw-p 001be000 08:01 266932                     /lib/x86_64-linux-gnu/libc-2.19.so
7fa47bc9d000-7fa47bca2000 rw-p 00000000 00:00 0 
7fa47bca2000-7fa47bcaf000 r-xp 00000000 08:01 423376                     /usr/lib/jvm/java-7-openjdk-amd64/jre/lib/amd64/jli/libjli.so
7fa47bcaf000-7fa47beae000 ---p 0000d000 08:01 423376                     /usr/lib/jvm/java-7-openjdk-amd64/jre/lib/amd64/jli/libjli.so
7fa47beae000-7fa47beaf000 r--p 0000c000 08:01 423376                     /usr/lib/jvm/java-7-openjdk-amd64/jre/lib/amd64/jli/libjli.so
7fa47beaf000-7fa47beb0000 rw-p 0000d000 08:01 423376                     /usr/lib/jvm/java-7-openjdk-amd64/jre/lib/amd64/jli/libjli.so
7fa47beb0000-7fa47bed3000 r-xp 00000000 08:01 266908                     /lib/x86_64-linux-gnu/ld-2.19.so
7fa47bef4000-7fa47befe000 rw-p 00000000 00:00 0 
7fa47befe000-7fa47bfb4000 rw-p 00000000 00:00 0 
7fa47bfb4000-7fa47bfb7000 ---p 00000000 00:00 0 
7fa47bfb7000-7fa47c0ba000 rw-p 00000000 00:00 0                          [stack:5463]
7fa47c0c4000-7fa47c0c6000 rw-p 00000000 00:00 0 
7fa47c0c6000-7fa47c0ce000 rw-s 00000000 08:01 39404                      /tmp/hsperfdata_shire/5443
7fa47c0ce000-7fa47c0cf000 rw-p 00000000 00:00 0 
7fa47c0cf000-7fa47c0d0000 r--p 00000000 00:00 0 
7fa47c0d0000-7fa47c0d2000 rw-p 00000000 00:00 0 
7fa47c0d2000-7fa47c0d3000 r--p 00022000 08:01 266908                     /lib/x86_64-linux-gnu/ld-2.19.so
7fa47c0d3000-7fa47c0d4000 rw-p 00023000 08:01 266908                     /lib/x86_64-linux-gnu/ld-2.19.so
7fa47c0d4000-7fa47c0d5000 rw-p 00000000 00:00 0 
7ffce2b76000-7ffce2b98000 rw-p 00000000 00:00 0                          [stack]
7ffce2bd9000-7ffce2bdb000 r--p 00000000 00:00 0                          [vvar]
7ffce2bdb000-7ffce2bdd000 r-xp 00000000 00:00 0                          [vdso]
ffffffffff600000-ffffffffff601000 r-xp 00000000 00:00 0                  [vsyscall]

VM Arguments:
jvm_args: -Xms1g -Xmx1g -XX:MaxPermSize=256m 
java_command: org.apache.spark.deploy.SparkSubmit --master local[2] --name PySparkShell pyspark-shell
Launcher Type: SUN_STANDARD

Environment Variables:
PATH=/home/shire/anaconda2/bin:/home/shire/anaconda2/bin:/usr/local/sbin:/usr/local/bin:/usr/sbin:/usr/bin:/sbin:/bin:/usr/games:/usr/local/games
SHELL=/bin/bash
DISPLAY=:0.0

Signal Handlers:
SIGSEGV: [libjvm.so+0x9548f0], sa_mask[0]=0x7ffbfeff, sa_flags=0x10000004
SIGBUS: [libjvm.so+0x9548f0], sa_mask[0]=0x7ffbfeff, sa_flags=0x10000004
SIGFPE: [libjvm.so+0x7cb0b0], sa_mask[0]=0x7ffbfeff, sa_flags=0x10000004
SIGPIPE: [libjvm.so+0x7cb0b0], sa_mask[0]=0x7ffbfeff, sa_flags=0x10000004
SIGXFSZ: [libjvm.so+0x7cb0b0], sa_mask[0]=0x7ffbfeff, sa_flags=0x10000004
SIGILL: [libjvm.so+0x7cb0b0], sa_mask[0]=0x7ffbfeff, sa_flags=0x10000004
SIGUSR1: SIG_DFL, sa_mask[0]=0x00000000, sa_flags=0x00000000
SIGUSR2: [libjvm.so+0x7caf50], sa_mask[0]=0x00000000, sa_flags=0x10000004
SIGHUP: SIG_DFL, sa_mask[0]=0x00000000, sa_flags=0x00000000
SIGINT: SIG_IGN, sa_mask[0]=0x00000000, sa_flags=0x00000000
SIGTERM: SIG_DFL, sa_mask[0]=0x00000000, sa_flags=0x00000000
SIGQUIT: SIG_DFL, sa_mask[0]=0x00000000, sa_flags=0x00000000
SIGTRAP: SIG_DFL, sa_mask[0]=0x00000000, sa_flags=0x00000000


---------------  S Y S T E M  ---------------

OS:Ubuntu 14.04 (trusty)
uname:Linux 4.2.0-35-generic #40~14.04.1-Ubuntu SMP Fri Mar 18 16:37:35 UTC 2016 x86_64
libc:glibc 2.19 NPTL 2.19 
rlimit: STACK 8192k, CORE 0k, NPROC 6596, NOFILE 4096, AS infinity
load average:1.22 1.09 0.82

/proc/meminfo:
MemTotal:        1710100 kB
MemFree:           27220 kB
MemAvailable:     137244 kB
Buffers:            9100 kB
Cached:           106168 kB
SwapCached:        61168 kB
Active:          1149444 kB
Inactive:         422856 kB
Active(anon):    1093976 kB
Inactive(anon):   370216 kB
Active(file):      55468 kB
Inactive(file):    52640 kB
Unevictable:          16 kB
Mlocked:              16 kB
SwapTotal:       1752060 kB
SwapFree:         252996 kB
Dirty:                68 kB
Writeback:             0 kB
AnonPages:       1395984 kB
Mapped:            76416 kB
Shmem:              7100 kB
Slab:              44024 kB
SReclaimable:      21092 kB
SUnreclaim:        22932 kB
KernelStack:       10736 kB
PageTables:        38680 kB
NFS_Unstable:          0 kB
Bounce:                0 kB
WritebackTmp:          0 kB
CommitLimit:     2607108 kB
Committed_AS:    9742300 kB
VmallocTotal:   34359738367 kB
VmallocUsed:       29376 kB
VmallocChunk:   34359688124 kB
HardwareCorrupted:     0 kB
AnonHugePages:    307200 kB
CmaTotal:              0 kB
CmaFree:               0 kB
HugePages_Total:       0
HugePages_Free:        0
HugePages_Rsvd:        0
HugePages_Surp:        0
Hugepagesize:       2048 kB
DirectMap4k:       72640 kB
DirectMap2M:     1681408 kB


CPU:total 1 (1 cores per cpu, 1 threads per core) family 6 model 78 stepping 3, cmov, cx8, fxsr, mmx, sse, sse2, sse3, ssse3, sse4.1, sse4.2, popcnt, avx, aes, tsc, tscinvbit

/proc/cpuinfo:
processor	: 0
vendor_id	: GenuineIntel
cpu family	: 6
model		: 78
model name	: Intel(R) Core(TM) i7-6500U CPU @ 2.50GHz
stepping	: 3
cpu MHz		: 2592.006
cache size	: 4096 KB
physical id	: 0
siblings	: 1
core id		: 0
cpu cores	: 1
apicid		: 0
initial apicid	: 0
fpu		: yes
fpu_exception	: yes
cpuid level	: 22
wp		: yes
flags		: fpu vme de pse tsc msr pae mce cx8 apic sep mtrr pge mca cmov pat pse36 clflush mmx fxsr sse sse2 syscall nx rdtscp lm constant_tsc rep_good nopl xtopology nonstop_tsc pni pclmulqdq monitor ssse3 cx16 sse4_1 sse4_2 movbe popcnt aes xsave avx rdrand hypervisor lahf_lm abm 3dnowprefetch rdseed clflushopt
bugs		:
bogomips	: 5184.01
clflush size	: 64
cache_alignment	: 64
address sizes	: 39 bits physical, 48 bits virtual
power management:



Memory: 4k page, physical 1710100k(27220k free), swap 1752060k(252996k free)

vm_info: OpenJDK 64-Bit Server VM (24.95-b01) for linux-amd64 JRE (1.7.0_95-b00), built on Mar 24 2016 06:13:32 by "buildd" with gcc 4.8.2

time: Fri Apr 29 13:55:28 2016
elapsed time: 0 seconds

