#
# There is insufficient memory for the Java Runtime Environment to continue.
# Native memory allocation (malloc) failed to allocate 357892096 bytes for committing reserved memory.
# Possible reasons:
#   The system is out of physical RAM or swap space
#   In 32 bit mode, the process size limit was hit
# Possible solutions:
#   Reduce memory load on the system
#   Increase physical memory or swap space
#   Check if swap backing store is full
#   Use 64 bit Java on a 64 bit OS
#   Decrease Java heap size (-Xmx/-Xms)
#   Decrease number of Java threads
#   Decrease Java thread stack sizes (-Xss)
#   Set larger code cache with -XX:ReservedCodeCacheSize=
# This output file may be truncated or incomplete.
#
#  Out of Memory Error (os_linux.cpp:2827), pid=5055, tid=139894340290304
#
# JRE version:  (7.0_95) (build )
# Java VM: OpenJDK 64-Bit Server VM (24.95-b01 mixed mode linux-amd64 compressed oops)
# Derivative: IcedTea 2.6.4
# Distribution: Ubuntu 14.04 LTS, package 7u95-2.6.4-0ubuntu0.14.04.2
# Failed to write core dump. Core dumps have been disabled. To enable core dumping, try "ulimit -c unlimited" before starting Java again
#

---------------  T H R E A D  ---------------

Current thread (0x00007f3ba800a000):  JavaThread "Unknown thread" [_thread_in_vm, id=5075, stack(0x00007f3bb0658000,0x00007f3bb0759000)]

Stack: [0x00007f3bb0658000,0x00007f3bb0759000],  sp=0x00007f3bb0757440,  free space=1021k
Native frames: (J=compiled Java code, j=interpreted, Vv=VM code, C=native code)
V  [libjvm.so+0x953e15]
V  [libjvm.so+0x48fd94]
V  [libjvm.so+0x7cf87b]
V  [libjvm.so+0x7ca33f]
V  [libjvm.so+0x950d04]
V  [libjvm.so+0x567ab5]
V  [libjvm.so+0x494788]
V  [libjvm.so+0x568e03]
V  [libjvm.so+0x55ac62]
V  [libjvm.so+0x9247b7]
V  [libjvm.so+0x924ae7]
V  [libjvm.so+0x5a2dd5]
V  [libjvm.so+0x90a4cf]
V  [libjvm.so+0x60e834]  JNI_CreateJavaVM+0x54
C  [libjli.so+0x2b48]


---------------  P R O C E S S  ---------------

Java Threads: ( => current thread )

Other Threads:

=>0x00007f3ba800a000 (exited) JavaThread "Unknown thread" [_thread_in_vm, id=5075, stack(0x00007f3bb0658000,0x00007f3bb0759000)]

VM state:not at safepoint (not fully initialized)

VM Mutex/Monitor currently owned by a thread: None

GC Heap History (0 events):
No events

Deoptimization events (0 events):
No events

Internal exceptions (0 events):
No events

Events (0 events):
No events


Dynamic libraries:
00400000-00401000 r-xp 00000000 08:01 423330                             /usr/lib/jvm/java-7-openjdk-amd64/jre/bin/java
00600000-00601000 r--p 00000000 08:01 423330                             /usr/lib/jvm/java-7-openjdk-amd64/jre/bin/java
00601000-00602000 rw-p 00001000 08:01 423330                             /usr/lib/jvm/java-7-openjdk-amd64/jre/bin/java
0199f000-019c0000 rw-p 00000000 00:00 0                                  [heap]
c5550000-100000000 rw-p 00000000 00:00 0 
7f3ba5000000-7f3ba5270000 rwxp 00000000 00:00 0 
7f3ba5270000-7f3ba8022000 rw-p 00000000 00:00 0 
7f3ba8022000-7f3bac000000 ---p 00000000 00:00 0 
7f3bad009000-7f3bad289000 rw-p 00000000 00:00 0 
7f3bad289000-7f3bad28a000 rw-p 00000000 00:00 0 
7f3bad28a000-7f3bad292000 r-xp 00000000 08:01 423361                     /usr/lib/jvm/java-7-openjdk-amd64/jre/lib/amd64/libzip.so
7f3bad292000-7f3bad491000 ---p 00008000 08:01 423361                     /usr/lib/jvm/java-7-openjdk-amd64/jre/lib/amd64/libzip.so
7f3bad491000-7f3bad492000 r--p 00007000 08:01 423361                     /usr/lib/jvm/java-7-openjdk-amd64/jre/lib/amd64/libzip.so
7f3bad492000-7f3bad493000 rw-p 00008000 08:01 423361                     /usr/lib/jvm/java-7-openjdk-amd64/jre/lib/amd64/libzip.so
7f3bad493000-7f3bad49e000 r-xp 00000000 08:01 267007                     /lib/x86_64-linux-gnu/libnss_files-2.19.so
7f3bad49e000-7f3bad69d000 ---p 0000b000 08:01 267007                     /lib/x86_64-linux-gnu/libnss_files-2.19.so
7f3bad69d000-7f3bad69e000 r--p 0000a000 08:01 267007                     /lib/x86_64-linux-gnu/libnss_files-2.19.so
7f3bad69e000-7f3bad69f000 rw-p 0000b000 08:01 267007                     /lib/x86_64-linux-gnu/libnss_files-2.19.so
7f3bad69f000-7f3bad6aa000 r-xp 00000000 08:01 267017                     /lib/x86_64-linux-gnu/libnss_nis-2.19.so
7f3bad6aa000-7f3bad8a9000 ---p 0000b000 08:01 267017                     /lib/x86_64-linux-gnu/libnss_nis-2.19.so
7f3bad8a9000-7f3bad8aa000 r--p 0000a000 08:01 267017                     /lib/x86_64-linux-gnu/libnss_nis-2.19.so
7f3bad8aa000-7f3bad8ab000 rw-p 0000b000 08:01 267017                     /lib/x86_64-linux-gnu/libnss_nis-2.19.so
7f3bad8ab000-7f3bad8c2000 r-xp 00000000 08:01 267001                     /lib/x86_64-linux-gnu/libnsl-2.19.so
7f3bad8c2000-7f3badac1000 ---p 00017000 08:01 267001                     /lib/x86_64-linux-gnu/libnsl-2.19.so
7f3badac1000-7f3badac2000 r--p 00016000 08:01 267001                     /lib/x86_64-linux-gnu/libnsl-2.19.so
7f3badac2000-7f3badac3000 rw-p 00017000 08:01 267001                     /lib/x86_64-linux-gnu/libnsl-2.19.so
7f3badac3000-7f3badac5000 rw-p 00000000 00:00 0 
7f3badac5000-7f3badace000 r-xp 00000000 08:01 267003                     /lib/x86_64-linux-gnu/libnss_compat-2.19.so
7f3badace000-7f3badccd000 ---p 00009000 08:01 267003                     /lib/x86_64-linux-gnu/libnss_compat-2.19.so
7f3badccd000-7f3badcce000 r--p 00008000 08:01 267003                     /lib/x86_64-linux-gnu/libnss_compat-2.19.so
7f3badcce000-7f3badccf000 rw-p 00009000 08:01 267003                     /lib/x86_64-linux-gnu/libnss_compat-2.19.so
7f3badccf000-7f3badcfa000 r-xp 00000000 08:01 423346                     /usr/lib/jvm/java-7-openjdk-amd64/jre/lib/amd64/libjava.so
7f3badcfa000-7f3badefa000 ---p 0002b000 08:01 423346                     /usr/lib/jvm/java-7-openjdk-amd64/jre/lib/amd64/libjava.so
7f3badefa000-7f3badefb000 r--p 0002b000 08:01 423346                     /usr/lib/jvm/java-7-openjdk-amd64/jre/lib/amd64/libjava.so
7f3badefb000-7f3badefd000 rw-p 0002c000 08:01 423346                     /usr/lib/jvm/java-7-openjdk-amd64/jre/lib/amd64/libjava.so
7f3badefd000-7f3badf0d000 r-xp 00000000 08:01 423347                     /usr/lib/jvm/java-7-openjdk-amd64/jre/lib/amd64/libverify.so
7f3badf0d000-7f3bae10c000 ---p 00010000 08:01 423347                     /usr/lib/jvm/java-7-openjdk-amd64/jre/lib/amd64/libverify.so
7f3bae10c000-7f3bae10e000 r--p 0000f000 08:01 423347                     /usr/lib/jvm/java-7-openjdk-amd64/jre/lib/amd64/libverify.so
7f3bae10e000-7f3bae10f000 rw-p 00011000 08:01 423347                     /usr/lib/jvm/java-7-openjdk-amd64/jre/lib/amd64/libverify.so
7f3bae10f000-7f3bae116000 r-xp 00000000 08:01 267060                     /lib/x86_64-linux-gnu/librt-2.19.so
7f3bae116000-7f3bae315000 ---p 00007000 08:01 267060                     /lib/x86_64-linux-gnu/librt-2.19.so
7f3bae315000-7f3bae316000 r--p 00006000 08:01 267060                     /lib/x86_64-linux-gnu/librt-2.19.so
7f3bae316000-7f3bae317000 rw-p 00007000 08:01 267060                     /lib/x86_64-linux-gnu/librt-2.19.so
7f3bae317000-7f3bae32d000 r-xp 00000000 08:01 266959                     /lib/x86_64-linux-gnu/libgcc_s.so.1
7f3bae32d000-7f3bae52c000 ---p 00016000 08:01 266959                     /lib/x86_64-linux-gnu/libgcc_s.so.1
7f3bae52c000-7f3bae52d000 rw-p 00015000 08:01 266959                     /lib/x86_64-linux-gnu/libgcc_s.so.1
7f3bae52d000-7f3bae632000 r-xp 00000000 08:01 266982                     /lib/x86_64-linux-gnu/libm-2.19.so
7f3bae632000-7f3bae831000 ---p 00105000 08:01 266982                     /lib/x86_64-linux-gnu/libm-2.19.so
7f3bae831000-7f3bae832000 r--p 00104000 08:01 266982                     /lib/x86_64-linux-gnu/libm-2.19.so
7f3bae832000-7f3bae833000 rw-p 00105000 08:01 266982                     /lib/x86_64-linux-gnu/libm-2.19.so
7f3bae833000-7f3bae919000 r-xp 00000000 08:01 401926                     /usr/lib/x86_64-linux-gnu/libstdc++.so.6.0.19
7f3bae919000-7f3baeb18000 ---p 000e6000 08:01 401926                     /usr/lib/x86_64-linux-gnu/libstdc++.so.6.0.19
7f3baeb18000-7f3baeb20000 r--p 000e5000 08:01 401926                     /usr/lib/x86_64-linux-gnu/libstdc++.so.6.0.19
7f3baeb20000-7f3baeb22000 rw-p 000ed000 08:01 401926                     /usr/lib/x86_64-linux-gnu/libstdc++.so.6.0.19
7f3baeb22000-7f3baeb37000 rw-p 00000000 00:00 0 
7f3baeb37000-7f3baf65b000 r-xp 00000000 08:01 423359                     /usr/lib/jvm/java-7-openjdk-amd64/jre/lib/amd64/server/libjvm.so
7f3baf65b000-7f3baf85b000 ---p 00b24000 08:01 423359                     /usr/lib/jvm/java-7-openjdk-amd64/jre/lib/amd64/server/libjvm.so
7f3baf85b000-7f3baf8f5000 r--p 00b24000 08:01 423359                     /usr/lib/jvm/java-7-openjdk-amd64/jre/lib/amd64/server/libjvm.so
7f3baf8f5000-7f3baf918000 rw-p 00bbe000 08:01 423359                     /usr/lib/jvm/java-7-openjdk-amd64/jre/lib/amd64/server/libjvm.so
7f3baf918000-7f3baf946000 rw-p 00000000 00:00 0 
7f3baf946000-7f3baf95e000 r-xp 00000000 08:01 267095                     /lib/x86_64-linux-gnu/libz.so.1.2.8
7f3baf95e000-7f3bafb5d000 ---p 00018000 08:01 267095                     /lib/x86_64-linux-gnu/libz.so.1.2.8
7f3bafb5d000-7f3bafb5e000 r--p 00017000 08:01 267095                     /lib/x86_64-linux-gnu/libz.so.1.2.8
7f3bafb5e000-7f3bafb5f000 rw-p 00018000 08:01 267095                     /lib/x86_64-linux-gnu/libz.so.1.2.8
7f3bafb5f000-7f3bafb78000 r-xp 00000000 08:01 267052                     /lib/x86_64-linux-gnu/libpthread-2.19.so
7f3bafb78000-7f3bafd77000 ---p 00019000 08:01 267052                     /lib/x86_64-linux-gnu/libpthread-2.19.so
7f3bafd77000-7f3bafd78000 r--p 00018000 08:01 267052                     /lib/x86_64-linux-gnu/libpthread-2.19.so
7f3bafd78000-7f3bafd79000 rw-p 00019000 08:01 267052                     /lib/x86_64-linux-gnu/libpthread-2.19.so
7f3bafd79000-7f3bafd7d000 rw-p 00000000 00:00 0 
7f3bafd7d000-7f3bafd80000 r-xp 00000000 08:01 266949                     /lib/x86_64-linux-gnu/libdl-2.19.so
7f3bafd80000-7f3baff7f000 ---p 00003000 08:01 266949                     /lib/x86_64-linux-gnu/libdl-2.19.so
7f3baff7f000-7f3baff80000 r--p 00002000 08:01 266949                     /lib/x86_64-linux-gnu/libdl-2.19.so
7f3baff80000-7f3baff81000 rw-p 00003000 08:01 266949                     /lib/x86_64-linux-gnu/libdl-2.19.so
7f3baff81000-7f3bb013c000 r-xp 00000000 08:01 266932                     /lib/x86_64-linux-gnu/libc-2.19.so
7f3bb013c000-7f3bb033b000 ---p 001bb000 08:01 266932                     /lib/x86_64-linux-gnu/libc-2.19.so
7f3bb033b000-7f3bb033f000 r--p 001ba000 08:01 266932                     /lib/x86_64-linux-gnu/libc-2.19.so
7f3bb033f000-7f3bb0341000 rw-p 001be000 08:01 266932                     /lib/x86_64-linux-gnu/libc-2.19.so
7f3bb0341000-7f3bb0346000 rw-p 00000000 00:00 0 
7f3bb0346000-7f3bb0353000 r-xp 00000000 08:01 423376                     /usr/lib/jvm/java-7-openjdk-amd64/jre/lib/amd64/jli/libjli.so
7f3bb0353000-7f3bb0552000 ---p 0000d000 08:01 423376                     /usr/lib/jvm/java-7-openjdk-amd64/jre/lib/amd64/jli/libjli.so
7f3bb0552000-7f3bb0553000 r--p 0000c000 08:01 423376                     /usr/lib/jvm/java-7-openjdk-amd64/jre/lib/amd64/jli/libjli.so
7f3bb0553000-7f3bb0554000 rw-p 0000d000 08:01 423376                     /usr/lib/jvm/java-7-openjdk-amd64/jre/lib/amd64/jli/libjli.so
7f3bb0554000-7f3bb0577000 r-xp 00000000 08:01 266908                     /lib/x86_64-linux-gnu/ld-2.19.so
7f3bb0598000-7f3bb05a2000 rw-p 00000000 00:00 0 
7f3bb05a2000-7f3bb0658000 rw-p 00000000 00:00 0 
7f3bb0658000-7f3bb065b000 ---p 00000000 00:00 0 
7f3bb065b000-7f3bb075e000 rw-p 00000000 00:00 0                          [stack:5075]
7f3bb0768000-7f3bb076a000 rw-p 00000000 00:00 0 
7f3bb076a000-7f3bb0772000 rw-s 00000000 08:01 39400                      /tmp/hsperfdata_shire/5055
7f3bb0772000-7f3bb0773000 rw-p 00000000 00:00 0 
7f3bb0773000-7f3bb0774000 r--p 00000000 00:00 0 
7f3bb0774000-7f3bb0776000 rw-p 00000000 00:00 0 
7f3bb0776000-7f3bb0777000 r--p 00022000 08:01 266908                     /lib/x86_64-linux-gnu/ld-2.19.so
7f3bb0777000-7f3bb0778000 rw-p 00023000 08:01 266908                     /lib/x86_64-linux-gnu/ld-2.19.so
7f3bb0778000-7f3bb0779000 rw-p 00000000 00:00 0 
7ffe36cb3000-7ffe36cd5000 rw-p 00000000 00:00 0                          [stack]
7ffe36d8d000-7ffe36d8f000 r--p 00000000 00:00 0                          [vvar]
7ffe36d8f000-7ffe36d91000 r-xp 00000000 00:00 0                          [vdso]
ffffffffff600000-ffffffffff601000 r-xp 00000000 00:00 0                  [vsyscall]

VM Arguments:
jvm_args: -Xms1g -Xmx1g -XX:MaxPermSize=256m 
java_command: org.apache.spark.deploy.SparkSubmit --master local[2] --name PySparkShell pyspark-shell
Launcher Type: SUN_STANDARD

Environment Variables:
PATH=/home/shire/anaconda2/bin:/home/shire/anaconda2/bin:/usr/local/sbin:/usr/local/bin:/usr/sbin:/usr/bin:/sbin:/bin:/usr/games:/usr/local/games
SHELL=/bin/bash
DISPLAY=:0.0

Signal Handlers:
SIGSEGV: [libjvm.so+0x9548f0], sa_mask[0]=0x7ffbfeff, sa_flags=0x10000004
SIGBUS: [libjvm.so+0x9548f0], sa_mask[0]=0x7ffbfeff, sa_flags=0x10000004
SIGFPE: [libjvm.so+0x7cb0b0], sa_mask[0]=0x7ffbfeff, sa_flags=0x10000004
SIGPIPE: [libjvm.so+0x7cb0b0], sa_mask[0]=0x7ffbfeff, sa_flags=0x10000004
SIGXFSZ: [libjvm.so+0x7cb0b0], sa_mask[0]=0x7ffbfeff, sa_flags=0x10000004
SIGILL: [libjvm.so+0x7cb0b0], sa_mask[0]=0x7ffbfeff, sa_flags=0x10000004
SIGUSR1: SIG_DFL, sa_mask[0]=0x00000000, sa_flags=0x00000000
SIGUSR2: [libjvm.so+0x7caf50], sa_mask[0]=0x00000000, sa_flags=0x10000004
SIGHUP: SIG_DFL, sa_mask[0]=0x00000000, sa_flags=0x00000000
SIGINT: SIG_IGN, sa_mask[0]=0x00000000, sa_flags=0x00000000
SIGTERM: SIG_DFL, sa_mask[0]=0x00000000, sa_flags=0x00000000
SIGQUIT: SIG_DFL, sa_mask[0]=0x00000000, sa_flags=0x00000000
SIGTRAP: SIG_DFL, sa_mask[0]=0x00000000, sa_flags=0x00000000


---------------  S Y S T E M  ---------------

OS:Ubuntu 14.04 (trusty)
uname:Linux 4.2.0-35-generic #40~14.04.1-Ubuntu SMP Fri Mar 18 16:37:35 UTC 2016 x86_64
libc:glibc 2.19 NPTL 2.19 
rlimit: STACK 8192k, CORE 0k, NPROC 6596, NOFILE 4096, AS infinity
load average:0.92 0.48 0.37

/proc/meminfo:
MemTotal:        1710100 kB
MemFree:           20984 kB
MemAvailable:     112540 kB
Buffers:            4420 kB
Cached:           107720 kB
SwapCached:        18672 kB
Active:          1162876 kB
Inactive:         422500 kB
Active(anon):    1116800 kB
Inactive(anon):   378496 kB
Active(file):      46076 kB
Inactive(file):    44004 kB
Unevictable:          16 kB
Mlocked:              16 kB
SwapTotal:       1752060 kB
SwapFree:          10816 kB
Dirty:                64 kB
Writeback:             0 kB
AnonPages:       1454676 kB
Mapped:            75208 kB
Shmem:             22020 kB
Slab:              42108 kB
SReclaimable:      20652 kB
SUnreclaim:        21456 kB
KernelStack:        8496 kB
PageTables:        36160 kB
NFS_Unstable:          0 kB
Bounce:                0 kB
WritebackTmp:          0 kB
CommitLimit:     2607108 kB
Committed_AS:    7581848 kB
VmallocTotal:   34359738367 kB
VmallocUsed:       29376 kB
VmallocChunk:   34359688124 kB
HardwareCorrupted:     0 kB
AnonHugePages:    294912 kB
CmaTotal:              0 kB
CmaFree:               0 kB
HugePages_Total:       0
HugePages_Free:        0
HugePages_Rsvd:        0
HugePages_Surp:        0
Hugepagesize:       2048 kB
DirectMap4k:       72640 kB
DirectMap2M:     1681408 kB


CPU:total 1 (1 cores per cpu, 1 threads per core) family 6 model 78 stepping 3, cmov, cx8, fxsr, mmx, sse, sse2, sse3, ssse3, sse4.1, sse4.2, popcnt, avx, aes, tsc, tscinvbit

/proc/cpuinfo:
processor	: 0
vendor_id	: GenuineIntel
cpu family	: 6
model		: 78
model name	: Intel(R) Core(TM) i7-6500U CPU @ 2.50GHz
stepping	: 3
cpu MHz		: 2592.006
cache size	: 4096 KB
physical id	: 0
siblings	: 1
core id		: 0
cpu cores	: 1
apicid		: 0
initial apicid	: 0
fpu		: yes
fpu_exception	: yes
cpuid level	: 22
wp		: yes
flags		: fpu vme de pse tsc msr pae mce cx8 apic sep mtrr pge mca cmov pat pse36 clflush mmx fxsr sse sse2 syscall nx rdtscp lm constant_tsc rep_good nopl xtopology nonstop_tsc pni pclmulqdq monitor ssse3 cx16 sse4_1 sse4_2 movbe popcnt aes xsave avx rdrand hypervisor lahf_lm abm 3dnowprefetch rdseed clflushopt
bugs		:
bogomips	: 5184.01
clflush size	: 64
cache_alignment	: 64
address sizes	: 39 bits physical, 48 bits virtual
power management:



Memory: 4k page, physical 1710100k(20860k free), swap 1752060k(10816k free)

vm_info: OpenJDK 64-Bit Server VM (24.95-b01) for linux-amd64 JRE (1.7.0_95-b00), built on Mar 24 2016 06:13:32 by "buildd" with gcc 4.8.2

time: Fri Apr 29 13:41:07 2016
elapsed time: 0 seconds

