#
# There is insufficient memory for the Java Runtime Environment to continue.
# Native memory allocation (malloc) failed to allocate 715849728 bytes for committing reserved memory.
# Possible reasons:
#   The system is out of physical RAM or swap space
#   In 32 bit mode, the process size limit was hit
# Possible solutions:
#   Reduce memory load on the system
#   Increase physical memory or swap space
#   Check if swap backing store is full
#   Use 64 bit Java on a 64 bit OS
#   Decrease Java heap size (-Xmx/-Xms)
#   Decrease number of Java threads
#   Decrease Java thread stack sizes (-Xss)
#   Set larger code cache with -XX:ReservedCodeCacheSize=
# This output file may be truncated or incomplete.
#
#  Out of Memory Error (os_linux.cpp:2827), pid=3068, tid=140421382964992
#
# JRE version:  (7.0_95) (build )
# Java VM: OpenJDK 64-Bit Server VM (24.95-b01 mixed mode linux-amd64 compressed oops)
# Derivative: IcedTea 2.6.4
# Distribution: Ubuntu 14.04 LTS, package 7u95-2.6.4-0ubuntu0.14.04.2
# Failed to write core dump. Core dumps have been disabled. To enable core dumping, try "ulimit -c unlimited" before starting Java again
#

---------------  T H R E A D  ---------------

Current thread (0x00007fb66000a000):  JavaThread "Unknown thread" [_thread_in_vm, id=3088, stack(0x00007fb666968000,0x00007fb666a69000)]

Stack: [0x00007fb666968000,0x00007fb666a69000],  sp=0x00007fb666a67380,  free space=1020k
Native frames: (J=compiled Java code, j=interpreted, Vv=VM code, C=native code)
V  [libjvm.so+0x953e15]
V  [libjvm.so+0x48fd94]
V  [libjvm.so+0x7cf87b]
V  [libjvm.so+0x7ca33f]
V  [libjvm.so+0x950d04]
V  [libjvm.so+0x567efb]
V  [libjvm.so+0x8ff7a3]
V  [libjvm.so+0x568a09]
V  [libjvm.so+0x55ac62]
V  [libjvm.so+0x9247b7]
V  [libjvm.so+0x924ae7]
V  [libjvm.so+0x5a2dd5]
V  [libjvm.so+0x90a4cf]
V  [libjvm.so+0x60e834]  JNI_CreateJavaVM+0x54
C  [libjli.so+0x2b48]


---------------  P R O C E S S  ---------------

Java Threads: ( => current thread )

Other Threads:

=>0x00007fb66000a000 (exited) JavaThread "Unknown thread" [_thread_in_vm, id=3088, stack(0x00007fb666968000,0x00007fb666a69000)]

VM state:not at safepoint (not fully initialized)

VM Mutex/Monitor currently owned by a thread: None

GC Heap History (0 events):
No events

Deoptimization events (0 events):
No events

Internal exceptions (0 events):
No events

Events (0 events):
No events


Dynamic libraries:
00400000-00401000 r-xp 00000000 08:01 423330                             /usr/lib/jvm/java-7-openjdk-amd64/jre/bin/java
00600000-00601000 r--p 00000000 08:01 423330                             /usr/lib/jvm/java-7-openjdk-amd64/jre/bin/java
00601000-00602000 rw-p 00001000 08:01 423330                             /usr/lib/jvm/java-7-openjdk-amd64/jre/bin/java
01dbb000-01ddc000 rw-p 00000000 00:00 0                                  [heap]
b0000000-c5550000 rw-p 00000000 00:00 0 
f0000000-100000000 rw-p 00000000 00:00 0 
7fb65c316000-7fb65c3c1000 rw-p 00000000 00:00 0 
7fb65c3c1000-7fb65c596000 rw-p 00000000 00:00 0 
7fb65c596000-7fb65c597000 rw-p 00000000 00:00 0 
7fb65c597000-7fb65c807000 rwxp 00000000 00:00 0 
7fb65c807000-7fb65f597000 rw-p 00000000 00:00 0 
7fb65f597000-7fb65f59f000 r-xp 00000000 08:01 423361                     /usr/lib/jvm/java-7-openjdk-amd64/jre/lib/amd64/libzip.so
7fb65f59f000-7fb65f79e000 ---p 00008000 08:01 423361                     /usr/lib/jvm/java-7-openjdk-amd64/jre/lib/amd64/libzip.so
7fb65f79e000-7fb65f79f000 r--p 00007000 08:01 423361                     /usr/lib/jvm/java-7-openjdk-amd64/jre/lib/amd64/libzip.so
7fb65f79f000-7fb65f7a0000 rw-p 00008000 08:01 423361                     /usr/lib/jvm/java-7-openjdk-amd64/jre/lib/amd64/libzip.so
7fb65f7a0000-7fb65f7ab000 r-xp 00000000 08:01 267007                     /lib/x86_64-linux-gnu/libnss_files-2.19.so
7fb65f7ab000-7fb65f9aa000 ---p 0000b000 08:01 267007                     /lib/x86_64-linux-gnu/libnss_files-2.19.so
7fb65f9aa000-7fb65f9ab000 r--p 0000a000 08:01 267007                     /lib/x86_64-linux-gnu/libnss_files-2.19.so
7fb65f9ab000-7fb65f9ac000 rw-p 0000b000 08:01 267007                     /lib/x86_64-linux-gnu/libnss_files-2.19.so
7fb65f9ac000-7fb65f9b7000 r-xp 00000000 08:01 267017                     /lib/x86_64-linux-gnu/libnss_nis-2.19.so
7fb65f9b7000-7fb65fbb6000 ---p 0000b000 08:01 267017                     /lib/x86_64-linux-gnu/libnss_nis-2.19.so
7fb65fbb6000-7fb65fbb7000 r--p 0000a000 08:01 267017                     /lib/x86_64-linux-gnu/libnss_nis-2.19.so
7fb65fbb7000-7fb65fbb8000 rw-p 0000b000 08:01 267017                     /lib/x86_64-linux-gnu/libnss_nis-2.19.so
7fb65fbb8000-7fb65fbcf000 r-xp 00000000 08:01 267001                     /lib/x86_64-linux-gnu/libnsl-2.19.so
7fb65fbcf000-7fb65fdce000 ---p 00017000 08:01 267001                     /lib/x86_64-linux-gnu/libnsl-2.19.so
7fb65fdce000-7fb65fdcf000 r--p 00016000 08:01 267001                     /lib/x86_64-linux-gnu/libnsl-2.19.so
7fb65fdcf000-7fb65fdd0000 rw-p 00017000 08:01 267001                     /lib/x86_64-linux-gnu/libnsl-2.19.so
7fb65fdd0000-7fb65fdd2000 rw-p 00000000 00:00 0 
7fb65fdd2000-7fb65fdfd000 r-xp 00000000 08:01 423346                     /usr/lib/jvm/java-7-openjdk-amd64/jre/lib/amd64/libjava.so
7fb65fdfd000-7fb65fffd000 ---p 0002b000 08:01 423346                     /usr/lib/jvm/java-7-openjdk-amd64/jre/lib/amd64/libjava.so
7fb65fffd000-7fb65fffe000 r--p 0002b000 08:01 423346                     /usr/lib/jvm/java-7-openjdk-amd64/jre/lib/amd64/libjava.so
7fb65fffe000-7fb660000000 rw-p 0002c000 08:01 423346                     /usr/lib/jvm/java-7-openjdk-amd64/jre/lib/amd64/libjava.so
7fb660000000-7fb660024000 rw-p 00000000 00:00 0 
7fb660024000-7fb664000000 ---p 00000000 00:00 0 
7fb664003000-7fb66400c000 r-xp 00000000 08:01 267003                     /lib/x86_64-linux-gnu/libnss_compat-2.19.so
7fb66400c000-7fb66420b000 ---p 00009000 08:01 267003                     /lib/x86_64-linux-gnu/libnss_compat-2.19.so
7fb66420b000-7fb66420c000 r--p 00008000 08:01 267003                     /lib/x86_64-linux-gnu/libnss_compat-2.19.so
7fb66420c000-7fb66420d000 rw-p 00009000 08:01 267003                     /lib/x86_64-linux-gnu/libnss_compat-2.19.so
7fb66420d000-7fb66421d000 r-xp 00000000 08:01 423347                     /usr/lib/jvm/java-7-openjdk-amd64/jre/lib/amd64/libverify.so
7fb66421d000-7fb66441c000 ---p 00010000 08:01 423347                     /usr/lib/jvm/java-7-openjdk-amd64/jre/lib/amd64/libverify.so
7fb66441c000-7fb66441e000 r--p 0000f000 08:01 423347                     /usr/lib/jvm/java-7-openjdk-amd64/jre/lib/amd64/libverify.so
7fb66441e000-7fb66441f000 rw-p 00011000 08:01 423347                     /usr/lib/jvm/java-7-openjdk-amd64/jre/lib/amd64/libverify.so
7fb66441f000-7fb664426000 r-xp 00000000 08:01 267060                     /lib/x86_64-linux-gnu/librt-2.19.so
7fb664426000-7fb664625000 ---p 00007000 08:01 267060                     /lib/x86_64-linux-gnu/librt-2.19.so
7fb664625000-7fb664626000 r--p 00006000 08:01 267060                     /lib/x86_64-linux-gnu/librt-2.19.so
7fb664626000-7fb664627000 rw-p 00007000 08:01 267060                     /lib/x86_64-linux-gnu/librt-2.19.so
7fb664627000-7fb66463d000 r-xp 00000000 08:01 266959                     /lib/x86_64-linux-gnu/libgcc_s.so.1
7fb66463d000-7fb66483c000 ---p 00016000 08:01 266959                     /lib/x86_64-linux-gnu/libgcc_s.so.1
7fb66483c000-7fb66483d000 rw-p 00015000 08:01 266959                     /lib/x86_64-linux-gnu/libgcc_s.so.1
7fb66483d000-7fb664942000 r-xp 00000000 08:01 266982                     /lib/x86_64-linux-gnu/libm-2.19.so
7fb664942000-7fb664b41000 ---p 00105000 08:01 266982                     /lib/x86_64-linux-gnu/libm-2.19.so
7fb664b41000-7fb664b42000 r--p 00104000 08:01 266982                     /lib/x86_64-linux-gnu/libm-2.19.so
7fb664b42000-7fb664b43000 rw-p 00105000 08:01 266982                     /lib/x86_64-linux-gnu/libm-2.19.so
7fb664b43000-7fb664c29000 r-xp 00000000 08:01 401926                     /usr/lib/x86_64-linux-gnu/libstdc++.so.6.0.19
7fb664c29000-7fb664e28000 ---p 000e6000 08:01 401926                     /usr/lib/x86_64-linux-gnu/libstdc++.so.6.0.19
7fb664e28000-7fb664e30000 r--p 000e5000 08:01 401926                     /usr/lib/x86_64-linux-gnu/libstdc++.so.6.0.19
7fb664e30000-7fb664e32000 rw-p 000ed000 08:01 401926                     /usr/lib/x86_64-linux-gnu/libstdc++.so.6.0.19
7fb664e32000-7fb664e47000 rw-p 00000000 00:00 0 
7fb664e47000-7fb66596b000 r-xp 00000000 08:01 423359                     /usr/lib/jvm/java-7-openjdk-amd64/jre/lib/amd64/server/libjvm.so
7fb66596b000-7fb665b6b000 ---p 00b24000 08:01 423359                     /usr/lib/jvm/java-7-openjdk-amd64/jre/lib/amd64/server/libjvm.so
7fb665b6b000-7fb665c05000 r--p 00b24000 08:01 423359                     /usr/lib/jvm/java-7-openjdk-amd64/jre/lib/amd64/server/libjvm.so
7fb665c05000-7fb665c28000 rw-p 00bbe000 08:01 423359                     /usr/lib/jvm/java-7-openjdk-amd64/jre/lib/amd64/server/libjvm.so
7fb665c28000-7fb665c56000 rw-p 00000000 00:00 0 
7fb665c56000-7fb665c6e000 r-xp 00000000 08:01 267095                     /lib/x86_64-linux-gnu/libz.so.1.2.8
7fb665c6e000-7fb665e6d000 ---p 00018000 08:01 267095                     /lib/x86_64-linux-gnu/libz.so.1.2.8
7fb665e6d000-7fb665e6e000 r--p 00017000 08:01 267095                     /lib/x86_64-linux-gnu/libz.so.1.2.8
7fb665e6e000-7fb665e6f000 rw-p 00018000 08:01 267095                     /lib/x86_64-linux-gnu/libz.so.1.2.8
7fb665e6f000-7fb665e88000 r-xp 00000000 08:01 267052                     /lib/x86_64-linux-gnu/libpthread-2.19.so
7fb665e88000-7fb666087000 ---p 00019000 08:01 267052                     /lib/x86_64-linux-gnu/libpthread-2.19.so
7fb666087000-7fb666088000 r--p 00018000 08:01 267052                     /lib/x86_64-linux-gnu/libpthread-2.19.so
7fb666088000-7fb666089000 rw-p 00019000 08:01 267052                     /lib/x86_64-linux-gnu/libpthread-2.19.so
7fb666089000-7fb66608d000 rw-p 00000000 00:00 0 
7fb66608d000-7fb666090000 r-xp 00000000 08:01 266949                     /lib/x86_64-linux-gnu/libdl-2.19.so
7fb666090000-7fb66628f000 ---p 00003000 08:01 266949                     /lib/x86_64-linux-gnu/libdl-2.19.so
7fb66628f000-7fb666290000 r--p 00002000 08:01 266949                     /lib/x86_64-linux-gnu/libdl-2.19.so
7fb666290000-7fb666291000 rw-p 00003000 08:01 266949                     /lib/x86_64-linux-gnu/libdl-2.19.so
7fb666291000-7fb66644c000 r-xp 00000000 08:01 266932                     /lib/x86_64-linux-gnu/libc-2.19.so
7fb66644c000-7fb66664b000 ---p 001bb000 08:01 266932                     /lib/x86_64-linux-gnu/libc-2.19.so
7fb66664b000-7fb66664f000 r--p 001ba000 08:01 266932                     /lib/x86_64-linux-gnu/libc-2.19.so
7fb66664f000-7fb666651000 rw-p 001be000 08:01 266932                     /lib/x86_64-linux-gnu/libc-2.19.so
7fb666651000-7fb666656000 rw-p 00000000 00:00 0 
7fb666656000-7fb666663000 r-xp 00000000 08:01 423376                     /usr/lib/jvm/java-7-openjdk-amd64/jre/lib/amd64/jli/libjli.so
7fb666663000-7fb666862000 ---p 0000d000 08:01 423376                     /usr/lib/jvm/java-7-openjdk-amd64/jre/lib/amd64/jli/libjli.so
7fb666862000-7fb666863000 r--p 0000c000 08:01 423376                     /usr/lib/jvm/java-7-openjdk-amd64/jre/lib/amd64/jli/libjli.so
7fb666863000-7fb666864000 rw-p 0000d000 08:01 423376                     /usr/lib/jvm/java-7-openjdk-amd64/jre/lib/amd64/jli/libjli.so
7fb666864000-7fb666887000 r-xp 00000000 08:01 266908                     /lib/x86_64-linux-gnu/ld-2.19.so
7fb6668a8000-7fb6668b2000 rw-p 00000000 00:00 0 
7fb6668b2000-7fb666968000 rw-p 00000000 00:00 0 
7fb666968000-7fb66696b000 ---p 00000000 00:00 0 
7fb66696b000-7fb666a6e000 rw-p 00000000 00:00 0                          [stack:3088]
7fb666a78000-7fb666a7a000 rw-p 00000000 00:00 0 
7fb666a7a000-7fb666a82000 rw-s 00000000 08:01 1046530                    /tmp/hsperfdata_shire/3068
7fb666a82000-7fb666a83000 rw-p 00000000 00:00 0 
7fb666a83000-7fb666a84000 r--p 00000000 00:00 0 
7fb666a84000-7fb666a86000 rw-p 00000000 00:00 0 
7fb666a86000-7fb666a87000 r--p 00022000 08:01 266908                     /lib/x86_64-linux-gnu/ld-2.19.so
7fb666a87000-7fb666a88000 rw-p 00023000 08:01 266908                     /lib/x86_64-linux-gnu/ld-2.19.so
7fb666a88000-7fb666a89000 rw-p 00000000 00:00 0 
7ffe809e4000-7ffe80a06000 rw-p 00000000 00:00 0                          [stack]
7ffe80aa5000-7ffe80aa7000 r--p 00000000 00:00 0                          [vvar]
7ffe80aa7000-7ffe80aa9000 r-xp 00000000 00:00 0                          [vdso]
ffffffffff600000-ffffffffff601000 r-xp 00000000 00:00 0                  [vsyscall]

VM Arguments:
jvm_args: -Xms1g -Xmx1g -XX:MaxPermSize=256m 
java_command: org.apache.spark.deploy.SparkSubmit --master local[2] --name PySparkShell pyspark-shell
Launcher Type: SUN_STANDARD

Environment Variables:
PATH=/home/shire/anaconda2/bin:/home/shire/bin:/usr/local/sbin:/usr/local/bin:/usr/sbin:/usr/bin:/sbin:/bin:/usr/games:/usr/local/games
SHELL=/bin/bash
DISPLAY=:0.0

Signal Handlers:
SIGSEGV: [libjvm.so+0x9548f0], sa_mask[0]=0x7ffbfeff, sa_flags=0x10000004
SIGBUS: [libjvm.so+0x9548f0], sa_mask[0]=0x7ffbfeff, sa_flags=0x10000004
SIGFPE: [libjvm.so+0x7cb0b0], sa_mask[0]=0x7ffbfeff, sa_flags=0x10000004
SIGPIPE: [libjvm.so+0x7cb0b0], sa_mask[0]=0x7ffbfeff, sa_flags=0x10000004
SIGXFSZ: [libjvm.so+0x7cb0b0], sa_mask[0]=0x7ffbfeff, sa_flags=0x10000004
SIGILL: [libjvm.so+0x7cb0b0], sa_mask[0]=0x7ffbfeff, sa_flags=0x10000004
SIGUSR1: SIG_DFL, sa_mask[0]=0x00000000, sa_flags=0x00000000
SIGUSR2: [libjvm.so+0x7caf50], sa_mask[0]=0x00000000, sa_flags=0x10000004
SIGHUP: SIG_DFL, sa_mask[0]=0x00000000, sa_flags=0x00000000
SIGINT: SIG_IGN, sa_mask[0]=0x00000000, sa_flags=0x00000000
SIGTERM: SIG_DFL, sa_mask[0]=0x00000000, sa_flags=0x00000000
SIGQUIT: SIG_DFL, sa_mask[0]=0x00000000, sa_flags=0x00000000
SIGTRAP: SIG_DFL, sa_mask[0]=0x00000000, sa_flags=0x00000000


---------------  S Y S T E M  ---------------

OS:Ubuntu 14.04 (trusty)
uname:Linux 4.2.0-35-generic #40~14.04.1-Ubuntu SMP Fri Mar 18 16:37:35 UTC 2016 x86_64
libc:glibc 2.19 NPTL 2.19 
rlimit: STACK 8192k, CORE 0k, NPROC 6596, NOFILE 4096, AS infinity
load average:0.37 0.97 1.04

/proc/meminfo:
MemTotal:        1710100 kB
MemFree:           35088 kB
MemAvailable:     574044 kB
Buffers:           71108 kB
Cached:           405132 kB
SwapCached:            0 kB
Active:          1254680 kB
Inactive:         249288 kB
Active(anon):    1028536 kB
Inactive(anon):    16032 kB
Active(file):     226144 kB
Inactive(file):   233256 kB
Unevictable:           0 kB
Mlocked:               0 kB
SwapTotal:             0 kB
SwapFree:              0 kB
Dirty:              1716 kB
Writeback:             0 kB
AnonPages:       1027784 kB
Mapped:           131860 kB
Shmem:             16820 kB
Slab:             121144 kB
SReclaimable:      98732 kB
SUnreclaim:        22412 kB
KernelStack:        6368 kB
PageTables:        28136 kB
NFS_Unstable:          0 kB
Bounce:                0 kB
WritebackTmp:          0 kB
CommitLimit:      855048 kB
Committed_AS:    4121992 kB
VmallocTotal:   34359738367 kB
VmallocUsed:       28832 kB
VmallocChunk:   34359705592 kB
HardwareCorrupted:     0 kB
AnonHugePages:    129024 kB
CmaTotal:              0 kB
CmaFree:               0 kB
HugePages_Total:       0
HugePages_Free:        0
HugePages_Rsvd:        0
HugePages_Surp:        0
Hugepagesize:       2048 kB
DirectMap4k:       66496 kB
DirectMap2M:     1687552 kB


CPU:total 1 (1 cores per cpu, 1 threads per core) family 6 model 78 stepping 3, cmov, cx8, fxsr, mmx, sse, sse2, sse3, ssse3, sse4.1, sse4.2, popcnt, avx, aes, tsc, tscinvbit

/proc/cpuinfo:
processor	: 0
vendor_id	: GenuineIntel
cpu family	: 6
model		: 78
model name	: Intel(R) Core(TM) i7-6500U CPU @ 2.50GHz
stepping	: 3
cpu MHz		: 2592.000
cache size	: 4096 KB
physical id	: 0
siblings	: 1
core id		: 0
cpu cores	: 1
apicid		: 0
initial apicid	: 0
fpu		: yes
fpu_exception	: yes
cpuid level	: 22
wp		: yes
flags		: fpu vme de pse tsc msr pae mce cx8 apic sep mtrr pge mca cmov pat pse36 clflush mmx fxsr sse sse2 syscall nx rdtscp lm constant_tsc rep_good nopl xtopology nonstop_tsc pni pclmulqdq monitor ssse3 cx16 sse4_1 sse4_2 movbe popcnt aes xsave avx rdrand hypervisor lahf_lm abm 3dnowprefetch rdseed clflushopt
bugs		:
bogomips	: 5184.00
clflush size	: 64
cache_alignment	: 64
address sizes	: 39 bits physical, 48 bits virtual
power management:



Memory: 4k page, physical 1710100k(35088k free), swap 0k(0k free)

vm_info: OpenJDK 64-Bit Server VM (24.95-b01) for linux-amd64 JRE (1.7.0_95-b00), built on Mar 24 2016 06:13:32 by "buildd" with gcc 4.8.2

time: Tue May 24 18:41:12 2016
elapsed time: 0 seconds

